2016-05-07T04:03:17+00:00 ERR (3): 
exception 'Zend_Mail_Protocol_Exception' with message 'Authentication failed: Could not authenticate
' in /var/www/html/new-web/lib/Zend/Mail/Protocol/Abstract.php:431
Stack trace:
#0 /var/www/html/new-web/lib/Zend/Mail/Protocol/Smtp/Auth/Login.php(95): Zend_Mail_Protocol_Abstract->_expect(235)
#1 /var/www/html/new-web/lib/Zend/Mail/Protocol/Smtp.php(217): Zend_Mail_Protocol_Smtp_Auth_Login->auth()
#2 /var/www/html/new-web/lib/Zend/Mail/Transport/Smtp.php(200): Zend_Mail_Protocol_Smtp->helo('localhost')
#3 /var/www/html/new-web/lib/Zend/Mail/Transport/Abstract.php(348): Zend_Mail_Transport_Smtp->_sendMail()
#4 /var/www/html/new-web/lib/Zend/Mail.php(1194): Zend_Mail_Transport_Abstract->send(Object(Zend_Mail))
#5 /var/www/html/new-web/app/code/local/Aschroder/SMTPPro/Model/Email/Template.php(132): Zend_Mail->send(Object(Zend_Mail_Transport_Smtp))
#6 /var/www/html/new-web/app/code/core/Mage/Core/Model/Email/Template.php(508): Aschroder_SMTPPro_Model_Email_Template->send(Array, Array, Array)
#7 /var/www/html/new-web/app/code/core/Mage/Core/Model/Email/Template/Mailer.php(84): Mage_Core_Model_Email_Template->sendTransactional('customer_create...', 'general', Array, Array, Array, '1')
#8 /var/www/html/new-web/app/code/core/Mage/Customer/Model/Customer.php(680): Mage_Core_Model_Email_Template_Mailer->send()
#9 /var/www/html/new-web/app/code/core/Mage/Customer/Model/Customer.php(607): Mage_Customer_Model_Customer->_sendEmailTemplate('customer/create...', 'customer/create...', Array, '1')
#10 /var/www/html/new-web/app/code/core/Mage/Checkout/Model/Type/Onepage.php(783): Mage_Customer_Model_Customer->sendNewAccountEmail('registered', '', '1')
#11 /var/www/html/new-web/app/code/core/Mage/Checkout/Model/Type/Onepage.php(816): Mage_Checkout_Model_Type_Onepage->_involveNewCustomer()
#12 /var/www/html/new-web/app/code/core/Mage/Checkout/controllers/OnepageController.php(579): Mage_Checkout_Model_Type_Onepage->saveOrder()
#13 /var/www/html/new-web/app/code/core/Mage/Core/Controller/Varien/Action.php(418): Mage_Checkout_OnepageController->saveOrderAction()
#14 /var/www/html/new-web/app/code/core/Mage/Core/Controller/Varien/Router/Standard.php(254): Mage_Core_Controller_Varien_Action->dispatch('saveOrder')
#15 /var/www/html/new-web/app/code/core/Mage/Core/Controller/Varien/Front.php(172): Mage_Core_Controller_Varien_Router_Standard->match(Object(Mage_Core_Controller_Request_Http))
#16 /var/www/html/new-web/app/code/core/Mage/Core/Model/App.php(365): Mage_Core_Controller_Varien_Front->dispatch()
#17 /var/www/html/new-web/app/Mage.php(684): Mage_Core_Model_App->run(Array)
#18 /var/www/html/new-web/index.php(83): Mage::run('', 'store')
#19 {main}
